C51 COMPILER V9.00   MAIN                                                                  09/03/2015 16:06:51 PAGE 1   


C51 COMPILER V9.00, COMPILATION OF MODULE MAIN
OBJECT MODULE PLACED IN main.obj
COMPILER INVOKED BY: C:\Keil\C51\BIN\C51.EXE Receiver\main.c LARGE BROWSE INCDIR(.\Receiver) DEBUG OBJECTEXTEND PRINT(.\
                    -main.lst) TABS(2) OBJECT(main.obj)

line level    source

   1          #include "STC15F2K60S2.H"
   2          #include "usart.h"
   3          #include "key.h"
   4          #include "tm1629.h"
   5          
   6          void main()
   7          { 
   8   1        UsartInit();  //´®¿Ú³õÊ¼»¯
   9   1      #ifdef DEBUG
  10   1        uart_printf("UsartInit Complete! \r\n");
  11   1      #endif
  12   1        tm1629_init();
  13   1      #ifdef DEBUG
  14   1        uart_printf("tm1629_init Complete! \r\n");
  15   1      #endif
  16   1      
  17   1        while (1)
  18   1        {
  19   2          KeyDecoder();
  20   2        }
  21   1      }
  22          


MODULE INFORMATION:   STATIC OVERLAYABLE
   CODE SIZE        =     29    ----
   CONSTANT SIZE    =     48    ----
   XDATA SIZE       =   ----    ----
   PDATA SIZE       =   ----    ----
   DATA SIZE        =   ----    ----
   IDATA SIZE       =   ----    ----
   BIT SIZE         =   ----    ----
END OF MODULE INFORMATION.


C51 COMPILATION COMPLETE.  0 WARNING(S),  0 ERROR(S)
